<?xml version="1.0" encoding="UTF-8"?>
<!-- Generated by org.testng.reporters.JUnitReportReporter -->
<testsuite skipped="0" hostname="DESKTOP-88FL1HP" name="scripts.TestValidLoginPage" tests="1" failures="0" timestamp="24 Nov 2020 14:30:05 GMT" time="38.584" errors="0">
  <testcase name="logintitle" time="38.584" classname="scripts.TestValidLoginPage"/>
</testsuite> <!-- scripts.TestValidLoginPage -->
