<?xml version="1.0" encoding="UTF-8"?>
<!-- Generated by org.testng.reporters.JUnitReportReporter -->
<testsuite skipped="0" hostname="DESKTOP-88FL1HP" name="scripts.TestEligibilityPage" tests="1" failures="0" timestamp="11 May 2020 19:20:38 GMT" time="34.487" errors="0">
  <testcase name="testEligibilityPage" time="34.487" classname="scripts.TestEligibilityPage"/>
</testsuite> <!-- scripts.TestEligibilityPage -->
